        -:    0:Source:C:/Users/blake/swecp2025jmbc/include/openbsd.h
        -:    0:Graph:C:\Users\blake\swecp2025jmbc\cmake-build-debug-coverage\CMakeFiles\swecp2025jmbc.dir\include\bcrypt.cpp.gcno
        -:    0:Data:C:\Users\blake\swecp2025jmbc\cmake-build-debug-coverage\CMakeFiles\swecp2025jmbc.dir\include\bcrypt.cpp.gcda
        -:    0:Runs:1
        -:    1:#ifndef ARC4RANDOM_H_INCLUDED
        -:    2:#define ARC4RANDOM_H_INCLUDED
        -:    3:
        -:    4:#include <cstdlib>     /* srand, rand */
        -:    5:#include <cstddef>
        -:    6:#include <cstring>
        -:    7:#include <ctime>
        -:    8:
        -:    9:inline
        -:   10:void arc4random_buf(void *buf, size_t nbytes)
        -:   11:{
        -:   12:
    #####:   13:    for( size_t n = 0; n < nbytes; ++ n)
    %%%%%:   13-block  0
branch  0 never executed
branch  1 never executed (fallthrough)
    #####:   14:        ((char*)(buf))[n] = rand() %256;
    %%%%%:   14-block  0
call    0 never executed
        -:   15:}
        -:   16:
        -:   17:inline
        -:   18:void arc4random_init(void)
        -:   19:{
    #####:   20:    srand( (unsigned int) time(NULL));
call    0 never executed
        -:   21:}
        -:   22:
        -:   23:
        -:   24:#endif // ARC4RANDOM_H_INCLUDED
