        -:    0:Source:C:/Users/blake/swecp2025jmbc/include/bcrypt.cpp
        -:    0:Graph:C:\Users\blake\swecp2025jmbc\cmake-build-debug-coverage\CMakeFiles\swecp2025jmbc.dir\include\bcrypt.cpp.gcno
        -:    0:Data:C:\Users\blake\swecp2025jmbc\cmake-build-debug-coverage\CMakeFiles\swecp2025jmbc.dir\include\bcrypt.cpp.gcda
        -:    0:Runs:1
        -:    1:/*	$OpenBSD: bcrypt.c,v 1.31 2014/03/22 23:02:03 tedu Exp $	*/
        -:    2:
        -:    3:/*
        -:    4: * Copyright (c) 1997 Niels Provos <provos@umich.edu>
        -:    5: *
        -:    6: * Permission to use, copy, modify, and distribute this software for any
        -:    7: * purpose with or without fee is hereby granted, provided that the above
        -:    8: * copyright notice and this permission notice appear in all copies.
        -:    9: *
        -:   10: * THE SOFTWARE IS PROVIDED "AS IS" AND THE AUTHOR DISCLAIMS ALL WARRANTIES
        -:   11: * WITH REGARD TO THIS SOFTWARE INCLUDING ALL IMPLIED WARRANTIES OF
        -:   12: * MERCHANTABILITY AND FITNESS. IN NO EVENT SHALL THE AUTHOR BE LIABLE FOR
        -:   13: * ANY SPECIAL, DIRECT, INDIRECT, OR CONSEQUENTIAL DAMAGES OR ANY DAMAGES
        -:   14: * WHATSOEVER RESULTING FROM LOSS OF USE, DATA OR PROFITS, WHETHER IN AN
        -:   15: * ACTION OF CONTRACT, NEGLIGENCE OR OTHER TORTIOUS ACTION, ARISING OUT OF
        -:   16: * OR IN CONNECTION WITH THE USE OR PERFORMANCE OF THIS SOFTWARE.
        -:   17: */
        -:   18:
        -:   19:/* This password hashing algorithm was designed by David Mazieres
        -:   20: * <dm@lcs.mit.edu> and works as follows:
        -:   21: *
        -:   22: * 1. state := InitState ()
        -:   23: * 2. state := ExpandKey (state, salt, password)
        -:   24: * 3. REPEAT rounds:
        -:   25: *    	state := ExpandKey (state, 0, password)
        -:   26: *    state := ExpandKey (state, 0, salt)
        -:   27: * 4. ctext := "OrpheanBeholderScryDoubt"
        -:   28: * 5. REPEAT 64:
        -:   29: *    	ctext := Encrypt_ECB (state, ctext);
        -:   30: * 6. RETURN Concatenate (salt, ctext);
        -:   31: *
        -:   32: */
        -:   33:#ifdef _WIN32
        -:   34:#define snprintf _snprintf
        -:   35:#include <windows.h>
        -:   36:#endif
        -:   37:
        -:   38:#include "my_bcrypt.h"
        -:   39:#include <stdio.h>
        -:   40:#include <stdlib.h>
        -:   41:#include <stdint.h>
        -:   42:#include <sys/types.h>
        -:   43:#include <string.h>
        -:   44:
        -:   45:#include "node_blf.h"
        -:   46:
        -:   47:#include "my_bcrypt.h"
        -:   48:#include "openbsd.h"
        -:   49:
        -:   50:
        -:   51://#if !defined(__APPLE__) && !defined(__MACH__)
        -:   52://#include "bsd/stdlib.h"
        -:   53://#endif
        -:   54:
        -:   55:/* This implementation is adaptable to current computing power.
        -:   56: * You can have up to 2^31 rounds which should be enough for some
        -:   57: * time to come.
        -:   58: */
        -:   59:
        -:   60:static void encode_base64(u_int8_t *, u_int8_t *, u_int16_t);
        -:   61:static void decode_base64(u_int8_t *, u_int16_t, u_int8_t *);
        -:   62:
        -:   63:const static char* error = ":";
        -:   64:
        -:   65:const static u_int8_t Base64Code[] =
        -:   66:"./ABCDEFGHIJKLMNOPQRSTUVWXYZabcdefghijklmnopqrstuvwxyz0123456789";
        -:   67:
        -:   68:const static u_int8_t index_64[128] = {
        -:   69:	255, 255, 255, 255, 255, 255, 255, 255, 255, 255,
        -:   70:	255, 255, 255, 255, 255, 255, 255, 255, 255, 255,
        -:   71:	255, 255, 255, 255, 255, 255, 255, 255, 255, 255,
        -:   72:	255, 255, 255, 255, 255, 255, 255, 255, 255, 255,
        -:   73:	255, 255, 255, 255, 255, 255, 0, 1, 54, 55,
        -:   74:	56, 57, 58, 59, 60, 61, 62, 63, 255, 255,
        -:   75:	255, 255, 255, 255, 255, 2, 3, 4, 5, 6,
        -:   76:	7, 8, 9, 10, 11, 12, 13, 14, 15, 16,
        -:   77:	17, 18, 19, 20, 21, 22, 23, 24, 25, 26, 27,
        -:   78:	255, 255, 255, 255, 255, 255, 28, 29, 30,
        -:   79:	31, 32, 33, 34, 35, 36, 37, 38, 39, 40,
        -:   80:	41, 42, 43, 44, 45, 46, 47, 48, 49, 50,
        -:   81:	51, 52, 53, 255, 255, 255, 255, 255
        -:   82:};
        -:   83:#define CHAR64(c)  ( (c) > 127 ? 255 : index_64[(c)])
        -:   84:
        -:   85:static void
function _ZL13decode_base64PhtS_ called 0 returned 0% blocks executed 0%
    #####:   86:decode_base64(u_int8_t *buffer, u_int16_t len, u_int8_t *data)
        -:   87:{
        -:   88:	u_int8_t *bp = buffer;
        -:   89:	u_int8_t *p = data;
        -:   90:	u_int8_t c1, c2, c3, c4;
    #####:   91:	while (bp < buffer + len) {
    %%%%%:   91-block  0
    %%%%%:   91-block  1
branch  0 never executed
branch  1 never executed (fallthrough)
    #####:   92:		c1 = CHAR64(*p);
    %%%%%:   92-block  0
branch  0 never executed (fallthrough)
branch  1 never executed
    %%%%%:   92-block  1
    #####:   93:		c2 = CHAR64(*(p + 1));
    %%%%%:   93-block  0
branch  0 never executed (fallthrough)
branch  1 never executed
    %%%%%:   93-block  1
        -:   94:
        -:   95:		/* Invalid data */
    #####:   96:		if (c1 == 255 || c2 == 255)
    %%%%%:   96-block  0
branch  0 never executed (fallthrough)
branch  1 never executed
        -:   97:			break;
        -:   98:
    #####:   99:		*bp++ = (c1 << 2) | ((c2 & 0x30) >> 4);
    #####:  100:		if (bp >= buffer + len)
    %%%%%:  100-block  0
branch  0 never executed (fallthrough)
branch  1 never executed
        -:  101:			break;
        -:  102:
    #####:  103:		c3 = CHAR64(*(p + 2));
    %%%%%:  103-block  0
branch  0 never executed (fallthrough)
branch  1 never executed
    #####:  104:		if (c3 == 255)
    %%%%%:  104-block  0
branch  0 never executed (fallthrough)
branch  1 never executed
        -:  105:			break;
        -:  106:
    #####:  107:		*bp++ = ((c2 & 0x0f) << 4) | ((c3 & 0x3c) >> 2);
    #####:  108:		if (bp >= buffer + len)
    %%%%%:  108-block  0
branch  0 never executed (fallthrough)
branch  1 never executed
        -:  109:			break;
        -:  110:
    #####:  111:		c4 = CHAR64(*(p + 3));
    %%%%%:  111-block  0
branch  0 never executed (fallthrough)
branch  1 never executed
    #####:  112:		if (c4 == 255)
    %%%%%:  112-block  0
branch  0 never executed (fallthrough)
branch  1 never executed
        -:  113:			break;
    #####:  114:		*bp++ = ((c3 & 0x03) << 6) | c4;
        -:  115:
    #####:  116:		p += 4;
    %%%%%:  116-block  0
        -:  117:	}
    #####:  118:}
        -:  119:
        -:  120:void
function _Z11encode_saltPcPhcth called 0 returned 0% blocks executed 0%
    #####:  121:encode_salt(char *salt, u_int8_t *csalt, char minor, u_int16_t clen, u_int8_t logr)
        -:  122:{
    #####:  123:	salt[0] = '$';
    #####:  124:	salt[1] = BCRYPT_VERSION;
    #####:  125:	salt[2] = minor;
    #####:  126:	salt[3] = '$';
        -:  127:
        -:  128:    // Max rounds are 31
    #####:  129:	snprintf(salt + 4, 4, "%2.2u$", logr & 0x001F);
    %%%%%:  129-block  0
call    0 never executed
        -:  130:
    #####:  131:	encode_base64((u_int8_t *) salt + 7, csalt, clen);
call    0 never executed
    #####:  132:}
        -:  133:
        -:  134:
        -:  135:/* Generates a salt for this version of crypt.
        -:  136:   Since versions may change. Keeping this here
        -:  137:   seems sensible.
        -:  138:   from: http://mail-index.netbsd.org/tech-crypto/2002/05/24/msg000204.html
        -:  139:*/
        -:  140:void
function _Z14bcrypt_gensaltchPhPc called 0 returned 0% blocks executed 0%
    #####:  141:bcrypt_gensalt(char minor, u_int8_t log_rounds, u_int8_t *seed, char *gsalt)
        -:  142:{
        -:  143:	if (log_rounds < 4)
        -:  144:		log_rounds = 4;
    #####:  145:	else if (log_rounds > 31)
        -:  146:		log_rounds = 31;
        -:  147:
    #####:  148:	encode_salt(gsalt, seed, minor, BCRYPT_MAXSALT, log_rounds);
    %%%%%:  148-block  0
call    0 never executed
    #####:  149:}
        -:  150:
        -:  151:/* We handle $Vers$log2(NumRounds)$salt+passwd$
        -:  152:   i.e. $2$04$iwouldntknowwhattosayetKdJ6iFtacBqJdKe6aW7ou */
        -:  153:
        -:  154:void
function _Z11node_bcryptPKcyS0_Pc called 0 returned 0% blocks executed 0%
    #####:  155:node_bcrypt(const char *key, size_t key_len, const char *salt, char *encrypted)
        -:  156:{
        -:  157:	blf_ctx state;
        -:  158:	u_int32_t rounds, i, k;
        -:  159:	u_int16_t j;
        -:  160:	u_int8_t salt_len, logr, minor;
    #####:  161:	u_int8_t ciphertext[4 * BCRYPT_BLOCKS+1] = "OrpheanBeholderScryDoubt";
        -:  162:	u_int8_t csalt[BCRYPT_MAXSALT];
        -:  163:	u_int32_t cdata[BCRYPT_BLOCKS];
        -:  164:	int n;
        -:  165:
        -:  166:	/* Discard "$" identifier */
    #####:  167:	salt++;
        -:  168:
    #####:  169:	if (*salt > BCRYPT_VERSION) {
    %%%%%:  169-block  0
branch  0 never executed (fallthrough)
branch  1 never executed
        -:  170:		/* How do I handle errors ? Return ':' */
    #####:  171:		strcpy(encrypted, error);
    #####:  172:		return;
    %%%%%:  172-block  0
    %%%%%:  172-block  1
        -:  173:	}
        -:  174:
        -:  175:	/* Check for minor versions */
    #####:  176:	if (salt[1] != '$') {
    %%%%%:  176-block  0
branch  0 never executed (fallthrough)
branch  1 never executed
    #####:  177:		 switch (salt[1]) {
    %%%%%:  177-block  0
branch  0 never executed (fallthrough)
branch  1 never executed
    #####:  178:		 case 'a': /* 'ab' should not yield the same as 'abab' */
        -:  179:		 case 'b': /* cap input length at 72 bytes */
    #####:  180:			 minor = salt[1];
    #####:  181:			 salt++;
    %%%%%:  181-block  0
        -:  182:			 break;
    #####:  183:		 default:
    #####:  184:			 strcpy(encrypted, error);
    #####:  185:			 return;
    %%%%%:  185-block  0
        -:  186:		 }
        -:  187:	} else
        -:  188:		 minor = 0;
        -:  189:
        -:  190:	/* Discard version + "$" identifier */
    #####:  191:	salt += 2;
        -:  192:
    #####:  193:	if (salt[2] != '$') {
    %%%%%:  193-block  0
branch  0 never executed (fallthrough)
branch  1 never executed
        -:  194:		/* Out of sync with passwd entry */
    #####:  195:		strcpy(encrypted, error);
    #####:  196:		return;
    %%%%%:  196-block  0
        -:  197:	}
        -:  198:
        -:  199:	/* Computer power doesn't increase linear, 2^x should be fine */
    #####:  200:	n = atoi(salt);
    %%%%%:  200-block  0
call    0 never executed
    #####:  201:	if (n > 31 || n < 0) {
branch  0 never executed (fallthrough)
branch  1 never executed
    #####:  202:		strcpy(encrypted, error);
    #####:  203:		return;
    %%%%%:  203-block  0
        -:  204:	}
        -:  205:	logr = (u_int8_t)n;
    #####:  206:	if ((rounds = (u_int32_t) 1 << logr) < BCRYPT_MINROUNDS) {
    %%%%%:  206-block  0
branch  0 never executed (fallthrough)
branch  1 never executed
    #####:  207:		strcpy(encrypted, error);
    #####:  208:		return;
    %%%%%:  208-block  0
        -:  209:	}
        -:  210:
        -:  211:	/* Discard num rounds + "$" identifier */
    #####:  212:	salt += 3;
        -:  213:
    #####:  214:	if (strlen(salt) * 3 / 4 < BCRYPT_MAXSALT) {
    %%%%%:  214-block  0
branch  0 never executed (fallthrough)
branch  1 never executed
    #####:  215:		strcpy(encrypted, error);
    #####:  216:		return;
    %%%%%:  216-block  0
        -:  217:	}
        -:  218:
        -:  219:	/* We dont want the base64 salt but the raw data */
    #####:  220:	decode_base64(csalt, BCRYPT_MAXSALT, (u_int8_t *) salt);
    %%%%%:  220-block  0
call    0 never executed
        -:  221:	salt_len = BCRYPT_MAXSALT;
    #####:  222:	if (minor <= 'a')
branch  0 never executed (fallthrough)
branch  1 never executed
    #####:  223:		key_len = (u_int8_t)(key_len + (minor >= 'a' ? 1 : 0));
    %%%%%:  223-block  0
branch  0 never executed (fallthrough)
branch  1 never executed
    %%%%%:  223-block  1
        -:  224:	else
        -:  225:	{
        -:  226:		/* cap key_len at the actual maximum supported
        -:  227:		* length here to avoid integer wraparound */
    #####:  228:		if (key_len > 72)
        -:  229:			key_len = 72;
    #####:  230:		key_len++; /* include the NUL */
    %%%%%:  230-block  0
        -:  231:	}
        -:  232:
        -:  233:
        -:  234:	/* Setting up S-Boxes and Subkeys */
    #####:  235:	Blowfish_initstate(&state);
    %%%%%:  235-block  0
call    0 never executed
    #####:  236:	Blowfish_expandstate(&state, csalt, salt_len,
call    0 never executed
        -:  237:		(u_int8_t *) key, key_len);
    #####:  238:	for (k = 0; k < rounds; k++) {
    %%%%%:  238-block  0
branch  0 never executed
branch  1 never executed (fallthrough)
    #####:  239:		Blowfish_expand0state(&state, (u_int8_t *) key, key_len);
    %%%%%:  239-block  0
call    0 never executed
    #####:  240:		Blowfish_expand0state(&state, csalt, salt_len);
call    0 never executed
        -:  241:	}
        -:  242:
        -:  243: 	/* This can be precomputed later */
    #####:  244:	j = 0;
    #####:  245:	for (i = 0; i < BCRYPT_BLOCKS; i++)
    %%%%%:  245-block  0
    %%%%%:  245-block  1
branch  0 never executed
branch  1 never executed
    #####:  246:		cdata[i] = Blowfish_stream2word(ciphertext, 4 * BCRYPT_BLOCKS, &j);
    %%%%%:  246-block  0
call    0 never executed
        -:  247:
        -:  248:	/* Now do the encryption */
    #####:  249:	for (k = 0; k < 64; k++)
    %%%%%:  249-block  0
branch  0 never executed
branch  1 never executed
    #####:  250:		blf_enc(&state, cdata, BCRYPT_BLOCKS / 2);
    %%%%%:  250-block  0
call    0 never executed
        -:  251:
    #####:  252:	for (i = 0; i < BCRYPT_BLOCKS; i++) {
    %%%%%:  252-block  0
branch  0 never executed
branch  1 never executed (fallthrough)
    #####:  253:		ciphertext[4 * i + 3] = cdata[i] & 0xff;
    #####:  254:		cdata[i] = cdata[i] >> 8;
    #####:  255:		ciphertext[4 * i + 2] = cdata[i] & 0xff;
    #####:  256:		cdata[i] = cdata[i] >> 8;
    #####:  257:		ciphertext[4 * i + 1] = cdata[i] & 0xff;
    #####:  258:		cdata[i] = cdata[i] >> 8;
    #####:  259:		ciphertext[4 * i + 0] = cdata[i] & 0xff;
    %%%%%:  259-block  0
        -:  260:	}
        -:  261:
        -:  262:	i = 0;
    #####:  263:	encrypted[i++] = '$';
    #####:  264:	encrypted[i++] = BCRYPT_VERSION;
    #####:  265:	if (minor)
    %%%%%:  265-block  0
branch  0 never executed (fallthrough)
branch  1 never executed
    #####:  266:		encrypted[i++] = minor;
    %%%%%:  266-block  0
    #####:  267:	encrypted[i++] = '$';
        -:  268:
    #####:  269:	snprintf(encrypted + i, 4, "%2.2u$", logr & 0x001F);
    %%%%%:  269-block  0
call    0 never executed
        -:  270:
    #####:  271:	encode_base64((u_int8_t *) encrypted + i + 3, csalt, BCRYPT_MAXSALT);
call    0 never executed
    #####:  272:	encode_base64((u_int8_t *) encrypted + strlen(encrypted), ciphertext,
call    0 never executed
        -:  273:		4 * BCRYPT_BLOCKS - 1);
        -:  274:	memset(&state, 0, sizeof(state));
        -:  275:	memset(ciphertext, 0, sizeof(ciphertext));
        -:  276:	memset(csalt, 0, sizeof(csalt));
        -:  277:	memset(cdata, 0, sizeof(cdata));
        -:  278:}
        -:  279:
function _Z17bcrypt_get_roundsPKc called 0 returned 0% blocks executed 0%
    #####:  280:u_int32_t bcrypt_get_rounds(const char * hash)
        -:  281:{
        -:  282:  /* skip past the leading "$" */
    #####:  283:  if (!hash || *(hash++) != '$') return 0;
    %%%%%:  283-block  0
branch  0 never executed (fallthrough)
branch  1 never executed
    %%%%%:  283-block  1
branch  2 never executed (fallthrough)
branch  3 never executed
        -:  284:
        -:  285:  /* skip past version */
    #####:  286:  if (0 == (*hash++)) return 0;
    %%%%%:  286-block  0
branch  0 never executed (fallthrough)
branch  1 never executed
    #####:  287:  if (*hash && *hash != '$') hash++;
    %%%%%:  287-block  0
branch  0 never executed (fallthrough)
branch  1 never executed
    %%%%%:  287-block  1
branch  2 never executed (fallthrough)
branch  3 never executed
    %%%%%:  287-block  2
    #####:  288:  if (*hash++ != '$') return 0;
    %%%%%:  288-block  0
branch  0 never executed (fallthrough)
branch  1 never executed
        -:  289:
    #####:  290:  return  atoi(hash);
    %%%%%:  290-block  0
call    0 never executed
        -:  291:}
        -:  292:
        -:  293:static void
function _ZL13encode_base64PhS_t called 0 returned 0% blocks executed 0%
    #####:  294:encode_base64(u_int8_t *buffer, u_int8_t *data, u_int16_t len)
        -:  295:{
        -:  296:	u_int8_t *bp = buffer;
        -:  297:	u_int8_t *p = data;
        -:  298:	u_int8_t c1, c2;
    #####:  299:	while (p < data + len) {
    %%%%%:  299-block  0
    %%%%%:  299-block  1
branch  0 never executed
branch  1 never executed (fallthrough)
    #####:  300:		c1 = *p++;
    #####:  301:		*bp++ = Base64Code[(c1 >> 2)];
    #####:  302:		c1 = (c1 & 0x03) << 4;
    #####:  303:		if (p >= data + len) {
    %%%%%:  303-block  0
branch  0 never executed (fallthrough)
branch  1 never executed
    #####:  304:			*bp++ = Base64Code[c1];
    #####:  305:			break;
    %%%%%:  305-block  0
        -:  306:		}
    #####:  307:		c2 = *p++;
    #####:  308:		c1 |= (c2 >> 4) & 0x0f;
    #####:  309:		*bp++ = Base64Code[c1];
    #####:  310:		c1 = (c2 & 0x0f) << 2;
    #####:  311:		if (p >= data + len) {
    %%%%%:  311-block  0
branch  0 never executed (fallthrough)
branch  1 never executed
    #####:  312:			*bp++ = Base64Code[c1];
    #####:  313:			break;
    %%%%%:  313-block  0
        -:  314:		}
    #####:  315:		c2 = *p++;
    #####:  316:		c1 |= (c2 >> 6) & 0x03;
    #####:  317:		*bp++ = Base64Code[c1];
    #####:  318:		*bp++ = Base64Code[c2 & 0x3f];
    %%%%%:  318-block  0
        -:  319:	}
    #####:  320:	*bp = '\0';
    #####:  321:}
        -:  322:
function _ZN6bcrypt12generateHashERKNSt7__cxx1112basic_stringIcSt11char_traitsIcESaIcEEEj called 0 returned 0% blocks executed 0%
    #####:  323:std::string bcrypt::generateHash(const std::string &password, unsigned int rounds) {
        -:  324:    char salt[_SALT_LEN];
        -:  325:
    #####:  326:    unsigned char seed[17]{};
    %%%%%:  326-block  0
call    0 never executed
        -:  327:	arc4random_init();
        -:  328:	
        -:  329:    arc4random_buf(seed, 16);
        -:  330:
    #####:  331:    bcrypt_gensalt('b', rounds, seed, salt);
    %%%%%:  331-block  0
call    0 never executed
        -:  332:
        -:  333:    std::string hash(61, '\0');
    #####:  334:    node_bcrypt(password.c_str(), password.size(), salt, &hash[0]);
call    0 never executed
branch  1 never executed (fallthrough)
branch  2 never executed (throw)
        -:  335:    hash.resize(60);
    #####:  336:    return hash;
    %%%%%:  336-block  0
        -:  337:}
        -:  338:
function _ZN6bcrypt16validatePasswordERKNSt7__cxx1112basic_stringIcSt11char_traitsIcESaIcEEES7_ called 0 returned 0% blocks executed 0%
    #####:  339:bool bcrypt::validatePassword(const std::string &password, const std::string &hash) {
    %%%%%:  339-block  0
call    0 never executed
        -:  340:    std::string got(61, '\0');
    #####:  341:    node_bcrypt(password.c_str(), password.size(), hash.c_str(), &got[0]);
call    0 never executed
branch  1 never executed (fallthrough)
branch  2 never executed (throw)
        -:  342:    got.resize(60);
    #####:  343:    return hash == got;
    %%%%%:  343-block  0
call    0 never executed
        -:  344:}
