        -:    0:Source:C:/Users/blake/swecp2025jmbc/asio/asio-1.36.0/include/asio/detail/impl/win_tss_ptr.ipp
        -:    0:Graph:C:\Users\blake\swecp2025jmbc\cmake-build-debug-coverage\CMakeFiles\swecp2025jmbc.dir\bgezrecTest.cpp.gcno
        -:    0:Data:C:\Users\blake\swecp2025jmbc\cmake-build-debug-coverage\CMakeFiles\swecp2025jmbc.dir\bgezrecTest.cpp.gcda
        -:    0:Runs:1
        -:    1://
        -:    2:// detail/impl/win_tss_ptr.ipp
        -:    3:// ~~~~~~~~~~~~~~~~~~~~~~~~~~~
        -:    4://
        -:    5:// Copyright (c) 2003-2025 Christopher M. Kohlhoff (chris at kohlhoff dot com)
        -:    6://
        -:    7:// Distributed under the Boost Software License, Version 1.0. (See accompanying
        -:    8:// file LICENSE_1_0.txt or copy at http://www.boost.org/LICENSE_1_0.txt)
        -:    9://
        -:   10:
        -:   11:#ifndef ASIO_DETAIL_IMPL_WIN_TSS_PTR_IPP
        -:   12:#define ASIO_DETAIL_IMPL_WIN_TSS_PTR_IPP
        -:   13:
        -:   14:#if defined(_MSC_VER) && (_MSC_VER >= 1200)
        -:   15:# pragma once
        -:   16:#endif // defined(_MSC_VER) && (_MSC_VER >= 1200)
        -:   17:
        -:   18:#include "asio/detail/config.hpp"
        -:   19:
        -:   20:#if defined(ASIO_WINDOWS)
        -:   21:
        -:   22:#include "asio/detail/throw_error.hpp"
        -:   23:#include "asio/detail/win_tss_ptr.hpp"
        -:   24:#include "asio/error.hpp"
        -:   25:
        -:   26:#include "asio/detail/push_options.hpp"
        -:   27:
        -:   28:namespace asio {
        -:   29:namespace detail {
        -:   30:
function _ZN4asio6detail18win_tss_ptr_createEv called 4 returned 100% blocks executed 38%
        4:   31:DWORD win_tss_ptr_create()
        -:   32:{
        -:   33:#if defined(UNDER_CE)
        -:   34:  const DWORD out_of_indexes = 0xFFFFFFFF;
        -:   35:#else
        -:   36:  const DWORD out_of_indexes = TLS_OUT_OF_INDEXES;
        -:   37:#endif
        -:   38:
        4:   39:  DWORD tss_key = ::TlsAlloc();
        4:   39-block  0
call    0 returned 4
        4:   40:  if (tss_key == out_of_indexes)
branch  0 taken 0 (fallthrough)
branch  1 taken 4
        -:   41:  {
    #####:   42:    DWORD last_error = ::GetLastError();
    %%%%%:   42-block  0
call    0 never executed
        -:   43:    asio::error_code ec(last_error,
    #####:   44:        asio::error::get_system_category());
branch  0 never executed (fallthrough)
branch  1 never executed
        -:   45:    asio::detail::throw_error(ec, "tss");
        -:   46:  }
        4:   47:  return tss_key;
        -:   48:}
        -:   49:
        -:   50:} // namespace detail
        -:   51:} // namespace asio
        -:   52:
        -:   53:#include "asio/detail/pop_options.hpp"
        -:   54:
        -:   55:#endif // defined(ASIO_WINDOWS)
        -:   56:
        -:   57:#endif // ASIO_DETAIL_IMPL_WIN_TSS_PTR_IPP
