        -:    0:Source:C:/Users/blake/swecp2025jmbc/include/bgezrecs.h
        -:    0:Graph:C:\Users\blake\swecp2025jmbc\cmake-build-debug-coverage\CMakeFiles\swecp2025jmbc.dir\bgezrecTest.cpp.gcno
        -:    0:Data:C:\Users\blake\swecp2025jmbc\cmake-build-debug-coverage\CMakeFiles\swecp2025jmbc.dir\bgezrecTest.cpp.gcda
        -:    0:Runs:1
        -:    1:#ifndef RECS
        -:    2:
        -:    3:#include <iostream>
        -:    4:#include <sqlite3.h>
        -:    5:#include <fstream>
        -:    6:#include <string>
        -:    7:#include <cmath>
        -:    8:#include <utility>
        -:    9:#include <vector>
        -:   10:#include <algorithm>
        -:   11:#include <cctype>
        -:   12:#include <chrono>
        -:   13:#include <tuple>
        -:   14:#include <sstream>
        -:   15:#include <mutex>
        -:   16:#include <unordered_map>
        -:   17:#include "crow.h"
        -:   18:#include "asio.hpp"
        -:   19:#include "bgezdb.h"
        -:   20:
        -:   21:typedef std::vector<std::tuple<std::string, std::string, double>> recommendVec;
        -:   22:typedef std::vector<std::pair<std::string,std::string>> pairVec;
        -:   23:typedef std::vector<std::vector<double>> vecVector;
        -:   24:char* errmsg = nullptr;
        -:   25:static const std::unordered_map<std::string, Traits> traitMap = {
        -:   26:	{"Breakfast", Traits::Breakfast},
        -:   27:	{"Dessert", Traits::Dessert},
        -:   28:	{"Pasta", Traits::Pasta},
        -:   29:	{"Seafood", Traits::Seafood},
        -:   30:	{"Vegan", Traits::Vegan},
        -:   31:	{"Vegetarian", Traits::Vegetarian},
        -:   32:	{"American", Traits::American},
        -:   33:	{"British", Traits::British},
        -:   34:	{"Canadian", Traits::Canadian},
        -:   35:	{"Chinese", Traits::Chinese},
        -:   36:	{"Croatian", Traits::Croatian},
        -:   37:	{"Dutch", Traits::Dutch},
        -:   38:	{"Egyptian", Traits::Egyptian},
        -:   39:	{"Filipino", Traits::Filipino},
        -:   40:	{"French", Traits::French},
        -:   41:	{"Greek", Traits::Greek},
        -:   42:	{"Indian", Traits::Indian},
        -:   43:	{"Irish", Traits::Irish},
        -:   44:	{"Italian", Traits::Italian},
        -:   45:	{"Jamaican", Traits::Jamaican},
        -:   46:	{"Japanese", Traits::Japanese},
        -:   47:	{"Kenyan", Traits::Kenyan},
        -:   48:	{"Malaysian", Traits::Malaysian},
        -:   49:	{"Mexican", Traits::Mexican},
        -:   50:	{"Moroccan", Traits::Moroccan},
        -:   51:	{"Polish", Traits::Polish},
        -:   52:	{"Portuguese", Traits::Portuguese},
        -:   53:	{"Russian", Traits::Russian},
        -:   54:	{"Spanish", Traits::Spanish},
        -:   55:	{"Thai", Traits::Thai},
        -:   56:	{"Tunisian", Traits::Tunisian},
        -:   57:	{"Turkish", Traits::Turkish},
        -:   58:	{"Ukrainian", Traits::Ukrainian},
        -:   59:	{"Uruguayan", Traits::Uruguayan},
        -:   60:	{"Vietnamese", Traits::Vietnamese}
        -:   61:};
        -:   62:
function _Z13stringToTraitRKNSt7__cxx1112basic_stringIcSt11char_traitsIcESaIcEEE called 0 returned 0% blocks executed 0%
    #####:   63:int stringToTrait(const std::string& name) { //this takes the string and returns the
    %%%%%:   63-block  0
call    0 never executed
        -:   64:	auto it = traitMap.find(name);			 //given integer value associated with it in bgeztraits.h
       8*:   65:	if (it != traitMap.end()) {
branch  0 taken 1 (fallthrough)
branch  1 taken 0
branch  2 taken 1 (fallthrough)
branch  3 taken 0
branch  4 taken 0 (fallthrough)
branch  5 taken 1
branch  6 taken 4 (fallthrough)
branch  7 taken 1
branch  8 never executed (fallthrough)
branch  9 never executed
       6*:   66:		return static_cast<int>(it->second);
        1:   66-block  0
        1:   66-block  1
    %%%%%:   66-block  2
        4:   66-block  3
    %%%%%:   66-block  4
        -:   67:	}
        -:   68:	return -1;
        -:   69:}
        -:   70:
function _ZNK15reverseTraitMapMUlvE_clB5cxx11Ev called 1 returned 100% blocks executed 89%
        1:   71:std::unordered_map<int, std::string> reverseTraitMap = [] {
        1:   71-block  0
        -:   72:	std::unordered_map<int, std::string> m;
       36:   73:	for (const auto& [key, val] : traitMap) {
        1:   73-block  0
       36:   73-block  1
branch  0 taken 35
branch  1 taken 1 (fallthrough)
       70:   74:		m[static_cast<int>(val)] = key;
       35:   74-block  0
call    0 returned 35
branch  1 taken 35 (fallthrough)
branch  2 taken 0 (throw)
       35:   74-block  1
    $$$$$:   74-block  2
call    3 never executed
        -:   75:	}
        1:   76:	return m;
        1:   76-block  0
        -:   77:}();
        -:   78:
function _Z13traitToStringB5cxx11i called 7 returned 100% blocks executed 100%
        7:   79:std::string traitToString(int val) { //this takes the integer value and returns the string
        7:   79-block  0
branch  0 taken 6 (fallthrough)
branch  1 taken 1
        -:   80:	auto it = reverseTraitMap.find(val); //associated with it as shown in traitMap/bgeztraits.h
        7:   81:	if (it != reverseTraitMap.end()) {
        7:   81-block  0
branch  0 taken 6 (fallthrough)
branch  1 taken 1
        -:   82:		return it->second;
        -:   83:	}
        1:   84:	return "Unknown";
        1:   84-block  0
call    0 returned 1
        -:   85:}
        -:   86:
        -:   87:class UserRecSys {
        -:   88:private:
        -:   89:	sqlite3 * db;
        -:   90:
function _ZN10UserRecSys11callbackIIDEPviPPcS2_ called 105 returned 100% blocks executed 86%
      105:   91:	static int callbackIID(void *ingredientList, int columns, char **columnValue, char **colName) {//callback for userIngredientParser
        -:   92:		auto* results = static_cast<std::vector<int>*>(ingredientList);
      210:   93:		results->push_back(std::stoi(columnValue[0]));
      105:   93-block  0
call    0 returned 105
      105:   93-block  1
call    1 returned 105
branch  2 taken 105 (fallthrough)
branch  3 taken 0 (throw)
      105:   94:		return 0; // Return 0 to continue processing rows, non-zero to stop
        -:   95:	}
        -:   96:
        -:   97:public:
function _ZN10UserRecSysC1Ev called 1 returned 100% blocks executed 44%
        1:   98:	UserRecSys() {
        1:   99:		std::cout << "Hello!\n";
        1:   99-block  0
call    0 returned 1
        1:  100:		if (sqlite3_open("core.db", &db)!=SQLITE_OK) { //This checks to make sure the DB is opened
call    0 returned 1
branch  1 taken 0 (fallthrough)
branch  2 taken 1
    #####:  101:			std::cerr << "Can't open database: " << sqlite3_errmsg(db) << "\n";
call    0 never executed
call    1 never executed
call    2 never executed
    #####:  102:			db = nullptr;
        -:  103:		}
        1:  104:	}
        -:  105:
function _ZN10UserRecSys20userIngredientParserEi called 10 returned 100% blocks executed 56%
       10:  106:	std::vector<int> userIngredientParser (int userID) {//gets all ingredients stored by user
       10:  107:			std::vector<int> ingredientID{};
       10:  108:			std::string sqlPre = "SELECT iid FROM UserItems WHERE uid=";
       10:  108-block  0
call    0 returned 10
branch  1 taken 10 (fallthrough)
branch  2 taken 0 (throw)
       20:  109:			std::string sqlFix = sqlPre + std::to_string(userID); //adds user ID to string
       10:  109-block  0
call    0 returned 10
call    1 returned 10
branch  2 taken 10 (fallthrough)
branch  3 taken 0 (throw)
call    4 returned 10
branch  5 taken 10 (fallthrough)
branch  6 taken 0 (throw)
    $$$$$:  109-block  1
call    7 never executed
        -:  110:			const char* sql = sqlFix.c_str();
       10:  111:			sqlite3_exec(db, sql, callbackIID, &ingredientID,  &errmsg);
call    0 returned 10
branch  1 taken 10 (fallthrough)
branch  2 taken 0 (throw)
       10:  112:			return ingredientID;
    =====:  113:		}
    $$$$$:  113-block  0
call    0 never executed
        -:  114:
function _ZN10UserRecSys14userMealParserEi called 8 returned 100% blocks executed 56%
        8:  115:	std::vector<int> userMealParser (int userID) {//gets all meals stored by user
        8:  116:			std::vector<int> mealID{};
        8:  117:			std::string sqlPre = "SELECT mid FROM UserMeals WHERE uid=";
        8:  117-block  0
call    0 returned 8
branch  1 taken 8 (fallthrough)
branch  2 taken 0 (throw)
       16:  118:			std::string sqlFix = sqlPre + std::to_string(userID); //adds user ID to string
        8:  118-block  0
call    0 returned 8
call    1 returned 8
branch  2 taken 8 (fallthrough)
branch  3 taken 0 (throw)
call    4 returned 8
branch  5 taken 8 (fallthrough)
branch  6 taken 0 (throw)
    $$$$$:  118-block  1
call    7 never executed
        -:  119:			const char* sql = sqlFix.c_str();
        8:  120:			sqlite3_exec(db, sql, callbackIID, &mealID,  &errmsg);
call    0 returned 8
branch  1 taken 8 (fallthrough)
branch  2 taken 0 (throw)
        8:  121:			return mealID;
    =====:  122:		}
    $$$$$:  122-block  0
call    0 never executed
        -:  123:
function _ZN10UserRecSys14userPrefParserB5cxx11Ei called 2 returned 100% blocks executed 91%
        2:  124:	std::string userPrefParser (int userID) {//gets all meals stored by user
        -:  125:		sqlite3_stmt* stmt;
        2:  126:		std::string prefs = "";
        2:  126-block  0
call    0 returned 2
        -:  127:		const char* sql = "SELECT pref FROM Users WHERE uid = ?;";
        2:  128:		sqlite3_prepare_v2(db, sql, -1, &stmt, nullptr); //This preps the statement to have values added to it
call    0 returned 2
branch  1 taken 2 (fallthrough)
branch  2 taken 0 (throw)
        2:  129:		sqlite3_bind_int(stmt, 1, userID);
        2:  129-block  0
call    0 returned 2
branch  1 taken 2 (fallthrough)
branch  2 taken 0 (throw)
        2:  130:		sqlite3_step(stmt);
        2:  130-block  0
call    0 returned 2
branch  1 taken 2 (fallthrough)
branch  2 taken 0 (throw)
        2:  131:		if (sqlite3_column_type(stmt, 0) != SQLITE_NULL) { //This checks to make sure there is a value that we are returning, not null
        2:  131-block  0
call    0 returned 2
branch  1 taken 2 (fallthrough)
branch  2 taken 0 (throw)
        2:  131-block  1
branch  3 taken 1 (fallthrough)
branch  4 taken 1
        1:  132:			prefs = reinterpret_cast<const char*>(sqlite3_column_text(stmt, 0));
        1:  132-block  0
call    0 returned 1
branch  1 taken 1 (fallthrough)
branch  2 taken 0 (throw)
        -:  133:		}
        2:  134:		return prefs;
        2:  134-block  0
        -:  135:	}
        -:  136:
function _ZN10UserRecSys18ingredientToVectorERKSt6vectorIiSaIiEE called 15 returned 100% blocks executed 67%
       15:  137:	vecVector ingredientToVector(const std::vector<int>& ingredientID) { //this takes the user ingredients and vector-ifys them
       15:  138:			vecVector ingredient;
       15:  139:			std::string temp = " ";
       15:  139-block  0
call    0 returned 15
branch  1 taken 15 (fallthrough)
branch  2 taken 0 (throw)
       15:  140:			std::vector<double> tempVec = {};
       15:  140-block  0
branch  0 taken 10 (fallthrough)
branch  1 taken 5
        -:  141:
       20:  142:			if (ingredientID.empty()) { return {{}}; } //if its empty, return an empty vecVector
       15:  142-block  0
branch  0 taken 10 (fallthrough)
branch  1 taken 5
        5:  142-block  1
call    2 returned 5
branch  3 taken 0 (throw)
branch  4 taken 5 (fallthrough)
        5:  142-block  2
       10:  142-block  3
branch  5 taken 5 (fallthrough)
branch  6 taken 5
        5:  142-block  4
branch  7 taken 0 (fallthrough)
branch  8 taken 5
        5:  142-block  5
    $$$$$:  142-block  6
branch  9 never executed (fallthrough)
branch 10 never executed
    $$$$$:  142-block  7
branch 11 never executed (fallthrough)
branch 12 never executed
        -:  143:			sqlite3_stmt *stmt;
        -:  144:
      121:  145:			for (const int &ingID: ingredientID) {
      121:  145-block  0
branch  0 taken 111
branch  1 taken 10 (fallthrough)
        -:  146:				const char *sql = "SELECT vector, tfidf FROM Ingredients WHERE id = ?;";
      111:  147:				sqlite3_prepare_v2(db, sql, -1, &stmt, nullptr); //This preps the statement to have values added to it
      111:  147-block  0
call    0 returned 111
branch  1 taken 111 (fallthrough)
branch  2 taken 0 (throw)
      111:  148:				sqlite3_bind_int(stmt, 1, ingID);
      111:  148-block  0
call    0 returned 111
branch  1 taken 111 (fallthrough)
branch  2 taken 0 (throw)
      111:  149:				if (sqlite3_step(stmt) == SQLITE_ROW) {// this validates that the ingredient exists and there is a row for that ingredient
      111:  149-block  0
call    0 returned 111
branch  1 taken 111 (fallthrough)
branch  2 taken 0 (throw)
      111:  149-block  1
branch  3 taken 109 (fallthrough)
branch  4 taken 2
      109:  150:					std::istringstream iss(reinterpret_cast<const char*>(sqlite3_column_text(stmt,0)));
      109:  150-block  0
call    0 returned 109
branch  1 taken 109 (fallthrough)
branch  2 taken 0 (throw)
      109:  150-block  1
call    3 returned 109
branch  4 taken 109 (fallthrough)
branch  5 taken 0 (throw)
      109:  150-block  2
call    6 returned 109
branch  7 taken 109 (fallthrough)
branch  8 taken 0 (throw)
    $$$$$:  150-block  3
branch  9 never executed (fallthrough)
branch 10 never executed
      109:  151:					double tfidf = sqlite3_column_double(stmt, 1);
call    0 returned 109
branch  1 taken 109 (fallthrough)
branch  2 taken 0 (throw)
        -:  152:
    10118:  153:					while (std::getline(iss, temp, ' ' ) ) {
    10118:  153-block  0
call    0 returned 10118
branch  1 taken 10118 (fallthrough)
branch  2 taken 0 (throw)
    10118:  153-block  1
branch  3 taken 10009
branch  4 taken 109 (fallthrough)
    10009:  154:						tempVec.push_back((std::stod(temp))*(1.0-tfidf));//this averages out each vector by its tfidf vector
    10009:  154-block  0
call    0 returned 10009
branch  1 taken 10009 (fallthrough)
branch  2 taken 0 (throw)
    10009:  154-block  1
        -:  155:					}					//rarer items have smaller tfidf vectors, therefore become more important after this normalization
      109:  156:				}
      109:  156-block  0
call    0 returned 109
    $$$$$:  156-block  1
call    1 never executed
      111:  157:				if (tempVec.size() != 1){ingredient.push_back({tempVec});}
      111:  157-block  0
branch  0 taken 102 (fallthrough)
branch  1 taken 9
      102:  157-block  1
call    2 returned 102
branch  3 taken 102 (fallthrough)
branch  4 taken 0 (throw)
        -:  158:
        -:  159:				tempVec = {};//clears tempVec for next ingredient
      111:  160:				sqlite3_finalize(stmt); // Reset statement for next row //call db for vector value
      111:  160-block  0
call    0 returned 111
branch  1 taken 111 (fallthrough)
branch  2 taken 0 (throw)
        -:  161:			}
        -:  162:
        -:  163:			return ingredient;
       15:  164:		}
call    0 returned 15
    $$$$$:  164-block  0
call    1 never executed
        -:  165:
function _ZN10UserRecSys12mealToVectorERKSt6vectorIiSaIiEE called 15 returned 100% blocks executed 67%
       15:  166:	vecVector mealToVector(const std::vector<int>& mealID) {//this takes the user past meals and vector-ifys them
       15:  167:		vecVector meals;
       15:  168:		std::string temp = " ";
       15:  168-block  0
call    0 returned 15
branch  1 taken 15 (fallthrough)
branch  2 taken 0 (throw)
       15:  169:		std::vector<double> tempVec = {};
       15:  169-block  0
branch  0 taken 6 (fallthrough)
branch  1 taken 9
        -:  170:
       24:  171:		if (mealID.empty()) { return {{}}; }
       15:  171-block  0
branch  0 taken 6 (fallthrough)
branch  1 taken 9
        9:  171-block  1
call    2 returned 9
branch  3 taken 0 (throw)
branch  4 taken 9 (fallthrough)
        9:  171-block  2
       18:  171-block  3
branch  5 taken 9 (fallthrough)
branch  6 taken 9
        9:  171-block  4
branch  7 taken 0 (fallthrough)
branch  8 taken 9
        9:  171-block  5
    $$$$$:  171-block  6
branch  9 never executed (fallthrough)
branch 10 never executed
    $$$$$:  171-block  7
branch 11 never executed (fallthrough)
branch 12 never executed
        -:  172:			sqlite3_stmt *stmt;
        -:  173:
       14:  174:			for (const int &ingID: mealID) {
       14:  174-block  0
branch  0 taken 8
branch  1 taken 6 (fallthrough)
        -:  175:				const char *sql = "SELECT vector FROM Recipes WHERE id = ?;";
        8:  176:				sqlite3_prepare_v2(db, sql, -1, &stmt, nullptr); //This preps the statement to have values added to it
        8:  176-block  0
call    0 returned 8
branch  1 taken 8 (fallthrough)
branch  2 taken 0 (throw)
        8:  177:				sqlite3_bind_int(stmt, 1, ingID);
        8:  177-block  0
call    0 returned 8
branch  1 taken 8 (fallthrough)
branch  2 taken 0 (throw)
        -:  178:
        8:  179:				if (sqlite3_step(stmt) == SQLITE_ROW) {// this validates that the meal exists and there is a row for that meal
        8:  179-block  0
call    0 returned 8
branch  1 taken 8 (fallthrough)
branch  2 taken 0 (throw)
        8:  179-block  1
branch  3 taken 6 (fallthrough)
branch  4 taken 2
        6:  180:					std::istringstream iss(reinterpret_cast<const char*>(sqlite3_column_text(stmt,0)));
        6:  180-block  0
call    0 returned 6
branch  1 taken 6 (fallthrough)
branch  2 taken 0 (throw)
        6:  180-block  1
call    3 returned 6
branch  4 taken 6 (fallthrough)
branch  5 taken 0 (throw)
        6:  180-block  2
call    6 returned 6
branch  7 taken 6 (fallthrough)
branch  8 taken 0 (throw)
    $$$$$:  180-block  3
branch  9 never executed (fallthrough)
branch 10 never executed
        -:  181:
      606:  182:					while (std::getline(iss, temp, ' ' ) ) {
      606:  182-block  0
call    0 returned 606
branch  1 taken 606 (fallthrough)
branch  2 taken 0 (throw)
      606:  182-block  1
branch  3 taken 600
branch  4 taken 6 (fallthrough)
      600:  183:						tempVec.push_back(std::stod(temp));
      600:  183-block  0
call    0 returned 600
branch  1 taken 600 (fallthrough)
branch  2 taken 0 (throw)
      600:  183-block  1
        -:  184:					}
        6:  185:				}
        6:  185-block  0
call    0 returned 6
    $$$$$:  185-block  1
call    1 never executed
        8:  186:				if (tempVec.size() != 1){meals.push_back({tempVec});}
        8:  186-block  0
branch  0 taken 8 (fallthrough)
branch  1 taken 0
        8:  186-block  1
call    2 returned 8
branch  3 taken 8 (fallthrough)
branch  4 taken 0 (throw)
        -:  187:
        -:  188:					tempVec = {};//clears tempVec for next meal
        8:  189:					sqlite3_finalize(stmt); // Reset statement for next row //call db for vector value
        8:  189-block  0
call    0 returned 8
branch  1 taken 8 (fallthrough)
branch  2 taken 0 (throw)
        -:  190:			}
        -:  191:			return meals;
       15:  192:		}
call    0 returned 15
    $$$$$:  192-block  0
call    1 never executed
        -:  193:
function _ZN10UserRecSys12outputVectorESt6vectorIS0_IdSaIdEESaIS2_EES4_ called 4 returned 100% blocks executed 78%
        4:  194:	vecVector outputVector (const vecVector ingredientVector, const vecVector mealVector) {
        4:  195:			std::vector<double> tempIngVec = {};
        4:  196:			std::vector<double> tempMealVec = {};
        4:  197:			vecVector returnVec;
        4:  197-block  0
branch  0 taken 2 (fallthrough)
branch  1 taken 2
        -:  198:
        4:  199:			if (!ingredientVector[0].empty()) {
        4:  199-block  0
branch  0 taken 2 (fallthrough)
branch  1 taken 2
        2:  200:				tempIngVec.resize(100);//this just ensures that 100 vectors are passes through, as that is the size it should be anyway
        2:  200-block  0
call    0 returned 2
branch  1 taken 2 (fallthrough)
branch  2 taken 0 (throw)
        5:  201:				for (auto& ingredients : ingredientVector) {
        2:  201-block  0
        5:  201-block  1
branch  0 taken 3 (fallthrough)
branch  1 taken 2
      303:  202:					for (int i = 0; i < ingredients.size(); i++) {
      300:  202-block  0
      303:  202-block  1
branch  0 taken 300
branch  1 taken 3 (fallthrough)
      300:  203:						tempIngVec[i] += ingredients[i];
      300:  203-block  0
        -:  204:					}
        -:  205:				}
      202:  206:				for (auto& value : tempIngVec) {
        2:  206-block  0
      202:  206-block  1
branch  0 taken 200
branch  1 taken 2 (fallthrough)
      200:  207:					value /= ingredientVector.size();
      200:  207-block  0
        -:  208:				} //this averages out each vector
        -:  209:			}
        -:  210:
        4:  211:		returnVec.emplace_back(tempIngVec);
        4:  211-block  0
call    0 returned 4
branch  1 taken 4 (fallthrough)
branch  2 taken 0 (throw)
        4:  212:		if (!mealVector[0].empty()) {
        4:  212-block  0
branch  0 taken 2 (fallthrough)
branch  1 taken 2
        2:  213:			tempMealVec.resize(100);
        2:  213-block  0
call    0 returned 2
branch  1 taken 2 (fallthrough)
branch  2 taken 0 (throw)
        5:  214:			for (auto& meals : mealVector) {
        2:  214-block  0
        5:  214-block  1
branch  0 taken 3 (fallthrough)
branch  1 taken 2
      303:  215:				for (int i = 0; i < meals.size(); i++) {
      300:  215-block  0
      303:  215-block  1
branch  0 taken 300
branch  1 taken 3 (fallthrough)
      300:  216:					tempMealVec[i] += meals[i];
      300:  216-block  0
        -:  217:				}
        -:  218:			}
      202:  219:			for (auto& value : tempMealVec) {
        2:  219-block  0
      202:  219-block  1
branch  0 taken 200
branch  1 taken 2 (fallthrough)
      200:  220:				value /= mealVector.size();
      200:  220-block  0
        -:  221:			}
        -:  222:		}
        4:  223:		returnVec.emplace_back(tempMealVec);
        4:  223-block  0
call    0 returned 4
branch  1 taken 4 (fallthrough)
branch  2 taken 0 (throw)
        4:  224:		return returnVec;
        4:  224-block  0
    =====:  225:		}
    $$$$$:  225-block  0
call    0 never executed
        -:  226:
function _ZN10UserRecSys10userGatherEi called 7 returned 100% blocks executed 67%
        7:  227:	vecVector userGather (int uID) {
        7:  228:			vecVector totVec;
        7:  229:			const vecVector ingVec = ingredientToVector(userIngredientParser(uID)); //this gets all ingredient vectors that user has saved
        7:  229-block  0
call    0 returned 7
branch  1 taken 7 (fallthrough)
branch  2 taken 0 (throw)
        7:  229-block  1
call    3 returned 7
branch  4 taken 7 (fallthrough)
branch  5 taken 0 (throw)
        7:  229-block  2
call    6 returned 7
    $$$$$:  229-block  3
call    7 never executed
        7:  230:			const vecVector mealVec = mealToVector(userMealParser(uID)); //this gets all meal vectors that user has saved
call    0 returned 7
branch  1 taken 7 (fallthrough)
branch  2 taken 0 (throw)
        7:  230-block  0
call    3 returned 7
branch  4 taken 7 (fallthrough)
branch  5 taken 0 (throw)
        7:  230-block  1
call    6 returned 7
    $$$$$:  230-block  2
call    7 never executed
      104:  231:			 for (auto& vector : ingVec) {
      104:  231-block  0
branch  0 taken 97
branch  1 taken 7 (fallthrough)
       97:  232:			 	totVec.push_back(vector);
       97:  232-block  0
call    0 returned 97
branch  1 taken 97 (fallthrough)
branch  2 taken 0 (throw)
        -:  233:			 }
       14:  234:			for (auto& vector : mealVec) { //these two for loops combine the two vectors into one
        7:  234-block  0
       14:  234-block  1
branch  0 taken 7
branch  1 taken 7 (fallthrough)
        7:  235:				totVec.push_back(vector);
        7:  235-block  0
call    0 returned 7
branch  1 taken 7 (fallthrough)
branch  2 taken 0 (throw)
        -:  236:			}
        7:  237:			return totVec;
        7:  238:		}
        7:  238-block  0
call    0 returned 7
call    1 returned 7
    $$$$$:  238-block  1
call    2 never executed
    $$$$$:  238-block  2
call    3 never executed
    $$$$$:  238-block  3
call    4 never executed
        -:  239:
function _ZN10UserRecSys4saveERKSt6vectorINSt7__cxx1112basic_stringIcSt11char_traitsIcESaIcEEESaIS6_EEi called 5 returned 100% blocks executed 54%
        5:  240:	void save(const std::vector<std::string>& toSave, const int uID) {
        5:  241:		std::vector<int> tempVec;
        5:  241-block  0
call    0 returned 5
branch  1 taken 5 (fallthrough)
branch  2 taken 0 (throw)
        -:  242:		std::string toEnter;
        -:  243:		sqlite3_stmt* stmt;
        -:  244:		std::string keyword;
        -:  245:
        -:  246:		const char* sql2 = "UPDATE Users SET pref = ? WHERE uid = ?;";
        5:  247:		sqlite3_prepare_v2(db, sql2, -1, &stmt, nullptr);
        5:  247-block  0
call    0 returned 5
branch  1 taken 5 (fallthrough)
branch  2 taken 0 (throw)
        -:  248:
        5:  249:		if (toSave.empty()) {// if the checkboxes are empty, toSave will be empty, so we want nothing in the db
        5:  249-block  0
branch  0 taken 4 (fallthrough)
branch  1 taken 1
        1:  250:			sqlite3_bind_null(stmt, 1);
        1:  250-block  0
call    0 returned 1
branch  1 taken 1 (fallthrough)
branch  2 taken 0 (throw)
        -:  251:		}
        -:  252:		else{
        9:  253:			for (auto& item: toSave) {
        9:  253-block  0
branch  0 taken 5
branch  1 taken 4 (fallthrough)
        5:  254:				tempVec.push_back(stringToTrait(item)); //this takes the trait and converts it to its integer value
        5:  254-block  0
call    0 returned 5
branch  1 taken 5 (fallthrough)
branch  2 taken 0 (throw)
        5:  254-block  1
        -:  255:			}
        9:  256:			for (const auto& item: tempVec) {
        4:  256-block  0
        9:  256-block  1
branch  0 taken 5
branch  1 taken 4 (fallthrough)
       10:  257:				toEnter.append(std::to_string(item) + " "); //this concats each integer value
        5:  257-block  0
call    0 returned 5
        -:  258:			}
        -:  259:			toEnter.pop_back(); //this removes the last space added by line 257
        4:  260:			sqlite3_bind_text(stmt, 1, toEnter.c_str(), -1, SQLITE_TRANSIENT);
call    0 returned 4
branch  1 taken 4 (fallthrough)
branch  2 taken 0 (throw)
        -:  261:		}
        -:  262:
        5:  263:		sqlite3_bind_int(stmt, 2, uID);
        5:  263-block  0
call    0 returned 5
branch  1 taken 5 (fallthrough)
branch  2 taken 0 (throw)
        5:  264:		int rc = sqlite3_step(stmt); //this enters the saved items into the db
        5:  264-block  0
call    0 returned 5
branch  1 taken 5 (fallthrough)
branch  2 taken 0 (throw)
        5:  265:		if (rc != SQLITE_DONE) {
        5:  265-block  0
branch  0 taken 0 (fallthrough)
branch  1 taken 5
    #####:  266:			std::cout << "Error" << "\n";
    %%%%%:  266-block  0
call    0 never executed
branch  1 never executed (fallthrough)
branch  2 never executed (throw)
    #####:  267:			CROW_LOG_ERROR << "Error executing update: " << sqlite3_errmsg(db);
    %%%%%:  267-block  0
branch  0 never executed (fallthrough)
branch  1 never executed
    %%%%%:  267-block  1
call    2 never executed
branch  3 never executed (fallthrough)
branch  4 never executed (throw)
    %%%%%:  267-block  2
call    5 never executed
    $$$$$:  267-block  3
call    6 never executed
        -:  268:		}
        5:  269:		sqlite3_finalize(stmt);
        5:  269-block  0
call    0 returned 5
branch  1 taken 5 (fallthrough)
branch  2 taken 0 (throw)
        5:  270:		sqlite3_close(db);
        5:  270-block  0
call    0 returned 5
branch  1 taken 5 (fallthrough)
branch  2 taken 0 (throw)
        5:  271:		std::cout << "Entered Saved Items" << "\n";
        5:  271-block  0
call    0 returned 5
branch  1 taken 5 (fallthrough)
branch  2 taken 0 (throw)
       5*:  272:		CROW_LOG_DEBUG << "Entered Saved Items";
        5:  272-block  0
branch  0 taken 0 (fallthrough)
branch  1 taken 5
    %%%%%:  272-block  1
call    2 never executed
    $$$$$:  272-block  2
call    3 never executed
    $$$$$:  272-block  3
call    4 never executed
        5:  273:	}
call    0 returned 5
    $$$$$:  273-block  0
call    1 never executed
        -:  274:};
        -:  275:
        -:  276:class Recommend {
        -:  277:	private:
        -:  278:		sqlite3 * db;
        -:  279:
function _ZN9Recommend15callbackKeywordEPviPPcS2_ called 750 returned 100% blocks executed 100%
      750:  280:	static int callbackKeyword(void *mealList, int columns, char **columnValue, char **colName) {//callback for keyword function
        -:  281:		auto* results = static_cast<std::vector<std::pair<std::string, std::string>>*>(mealList);
      750:  282:		results->emplace_back(columnValue[0],columnValue[1]);
      750:  282-block  0
call    0 returned 750
      750:  283:		return 0; // Return 0 to continue processing rows, non-zero to stop
        -:  284:	}
        -:  285:
        -:  286:	static int callbackEuclidean(void *output, int columns, char **columnValue, char **colName) {//callback for euclidean function
        -:  287:		if (columnValue[0])
        -:  288:			*static_cast<double*>(output) = std::stod(columnValue[0]);
        -:  289:		return 0;
        -:  290:	}
        -:  291:
function _ZN9Recommend9partitionERSt6vectorISt5tupleIJNSt7__cxx1112basic_stringIcSt11char_traitsIcESaIcEEES7_dEESaIS8_EEii called 629 returned 100% blocks executed 100%
      629:  292:	int partition(recommendVec &vec, int low, int high) {
      629:  293:		double pivot = std::get<2>(vec[high]);// Selecting last element as the pivot
      629:  293-block  0
      629:  294:		int i = (low - 1); // Index of elemment just before the last element it is used for swapping
        -:  295:
    51620:  296:		for (int j = low; j <= high - 1; j++) {// If current element is less than or equal to pivot
      629:  296-block  0
    50991:  296-block  1
    51620:  296-block  2
branch  0 taken 50991
branch  1 taken 629 (fallthrough)
    50991:  297:			if (std::get<2>(vec[j]) <= pivot) {
    50991:  297-block  0
branch  0 taken 49612 (fallthrough)
branch  1 taken 1379
    49612:  298:				i++;
    49612:  299:				swap(vec[i], vec[j]);
    49612:  299-block  0
call    0 returned 49612
        -:  300:			}
        -:  301:		}
      629:  302:		std::swap(vec[i + 1], vec[high]);// Put pivot to its position
      629:  302-block  0
call    0 returned 629
      629:  303:		return (i + 1);// Return the point of partition
        -:  304:	}
        -:  305:
function _ZN9Recommend9quickSortERSt6vectorISt5tupleIJNSt7__cxx1112basic_stringIcSt11char_traitsIcESaIcEEES7_dEESaIS8_EEii called 633 returned 100% blocks executed 100%
      633:  306:	void quickSort(recommendVec &vec, int low, int high) {
      633:  306-block  0
     1262:  307:		if (low < high) {// Base case: This part will be executed till the starting index low is higher than the ending index high
     1262:  307-block  0
branch  0 taken 629 (fallthrough)
branch  1 taken 633
        -:  308:
      629:  309:			int pi = partition(vec, low, high); // pi is Partitioning Index, arr[p] is now at right place
      629:  309-block  0
call    0 returned 629
        -:  310:
      629:  311:			quickSort(vec, low, pi - 1); // Separately sort elements before and after the Partition Index pi
call    0 returned 629
      629:  312:			quickSort(vec, pi + 1, high);
        -:  313:		}
      633:  314:	}
        -:  315:
function _ZN9Recommend7cosPrivESt6vectorIdSaIdEES2_ called 12750 returned 100% blocks executed 100%
    12750:  316:	double cosPriv (std::vector<double> vec1, std::vector<double> vec2) {//this caculates the cosine distance between to vectors
        -:  317:		double dotProduct = 0.0;
        -:  318:		double magnitudeA = 0.0;
        -:  319:		double magnitudeB = 0.0;
        -:  320:
  1175250:  321:		for (size_t i = 0; i < vec1.size(); ++i) {
    12750:  321-block  0
  1175250:  321-block  1
branch  0 taken 1162500
branch  1 taken 12750 (fallthrough)
  1162500:  322:			dotProduct += vec1[i] * vec2[i];
  1162500:  323:			magnitudeA += vec1[i] * vec1[i];
  1162500:  324:			magnitudeB += vec2[i] * vec2[i];
  1162500:  324-block  0
        -:  325:		}
        -:  326:
    12750:  327:		magnitudeA = std::sqrt(magnitudeA);
    12750:  328:		magnitudeB = std::sqrt(magnitudeB);
        -:  329:
    12750:  330:		if (magnitudeA == 0.0 || magnitudeB == 0.0) {
    12750:  330-block  0
branch  0 taken 11625 (fallthrough)
branch  1 taken 1125
        -:  331:			return 0.0;
        -:  332:		}
        -:  333:
    11625:  334:		return dotProduct / (magnitudeA * magnitudeB);
    11625:  334-block  0
        -:  335:	}
        -:  336:
        -:  337:	public:
        1:  338:		Recommend() {
        1:  339:			std::cout << "Recommending!\n";
call    0 returned 1
        -:  340:			}
        -:  341:
function _ZN9Recommend11fromKeywordB5cxx11Ei called 7 returned 100% blocks executed 39%
        7:  342:	pairVec fromKeyword(int uID) { //this returns all the meals with a certain keyword
        7:  343:			pairVec meals;
        7:  343-block  0
branch  0 taken 0 (fallthrough)
branch  1 taken 7
        -:  344:			sqlite3_stmt* stmt;
        -:  345:			std::string keyword;
        7:  346:			std::vector<int> tempVec;
        7:  346-block  0
branch  0 taken 0 (fallthrough)
branch  1 taken 7
        -:  347:			std::string toEnter;
        -:  348:			std::string s;
        -:  349:			std::string sql2;
        -:  350:
       7*:  351:			CROW_LOG_DEBUG << "Filtering";
        7:  351-block  0
branch  0 taken 0 (fallthrough)
branch  1 taken 7
    %%%%%:  351-block  1
call    2 never executed
    $$$$$:  351-block  2
call    3 never executed
        -:  352:			const char* sql1 = "SELECT pref FROM Users WHERE uid = ?";
        7:  353:			sqlite3_prepare_v2(db, sql1, -1, &stmt, nullptr);
        7:  353-block  0
call    0 returned 7
branch  1 taken 7 (fallthrough)
branch  2 taken 0 (throw)
        7:  354:			sqlite3_bind_text(stmt, 1, (std::to_string(uID)).c_str(), -1, SQLITE_TRANSIENT);
        7:  354-block  0
call    0 returned 7
call    1 returned 7
branch  2 taken 7 (fallthrough)
branch  3 taken 0 (throw)
        7:  355:			sqlite3_step(stmt);
call    0 returned 7
branch  1 taken 7 (fallthrough)
branch  2 taken 0 (throw)
        -:  356:
        7:  357:			if (sqlite3_column_type(stmt, 0) != SQLITE_NULL) {//these next lines only execute if there is a saved pref value
        7:  357-block  0
call    0 returned 7
branch  1 taken 7 (fallthrough)
branch  2 taken 0 (throw)
        7:  357-block  1
branch  3 taken 2 (fallthrough)
branch  4 taken 5
        2:  358:				keyword = reinterpret_cast<const char *>(sqlite3_column_text(stmt, 0));
        2:  358-block  0
call    0 returned 2
branch  1 taken 2 (fallthrough)
branch  2 taken 0 (throw)
       2*:  359:				CROW_LOG_DEBUG << "FOUND " << keyword;
        2:  359-block  0
branch  0 taken 0 (fallthrough)
branch  1 taken 2
    %%%%%:  359-block  1
call    2 never executed
    $$$$$:  359-block  2
call    3 never executed
        2:  360:				sqlite3_finalize(stmt);
        2:  360-block  0
call    0 returned 2
branch  1 taken 2 (fallthrough)
branch  2 taken 0 (throw)
        2:  361:				std::stringstream ss(keyword);
        2:  361-block  0
call    0 returned 2
branch  1 taken 2 (fallthrough)
branch  2 taken 0 (throw)
        -:  362:
        6:  363:				while (getline(ss, s, ' ')) { //this takes all of the saved prefs in the db
        6:  363-block  0
call    0 returned 6
branch  1 taken 6 (fallthrough)
branch  2 taken 0 (throw)
        6:  363-block  1
branch  3 taken 4
branch  4 taken 2 (fallthrough)
        4:  364:					tempVec.push_back(std::stoi(s));   //and splits them into individual integers so we can
        4:  364-block  0
call    0 returned 4
branch  1 taken 4 (fallthrough)
branch  2 taken 0 (throw)
        4:  364-block  1
        -:  365:				}										//bring them back to the actual string
        -:  366:
        6:  367:				for (auto& ing : tempVec) {
        2:  367-block  0
        6:  367-block  1
branch  0 taken 4
branch  1 taken 2 (fallthrough)
        4:  368:					if (ing < 7) { //all categories have an integer value less than 7 in bgeztraits.h
        4:  368-block  0
branch  0 taken 4 (fallthrough)
branch  1 taken 0
       12:  369:						sql2 = "SELECT name, image FROM Recipes WHERE category = '" + traitToString(ing) + "' COLLATE NOCASE;";;
        4:  369-block  0
call    0 returned 4
branch  1 taken 4 (fallthrough)
branch  2 taken 0 (throw)
call    3 returned 4
        -:  370:					}
        -:  371:					else {//all areas have an integer value greater than 7 in bgeztraits.h
    #####:  372:						sql2 = "SELECT name, image FROM Recipes WHERE area = '" + traitToString(ing) + "' COLLATE NOCASE;";;
    %%%%%:  372-block  0
call    0 never executed
branch  1 never executed (fallthrough)
branch  2 never executed (throw)
call    3 never executed
        -:  373:					}
       4*:  374:					CROW_LOG_DEBUG << "Keyword " << traitToString(ing);
        4:  374-block  0
branch  0 taken 0 (fallthrough)
branch  1 taken 4
    %%%%%:  374-block  1
call    2 never executed
branch  3 never executed (fallthrough)
branch  4 never executed (throw)
call    5 never executed
    $$$$$:  374-block  2
call    6 never executed
        4:  375:					sqlite3_exec(db, sql2.c_str(), callbackKeyword, &meals,  &errmsg);
        4:  375-block  0
call    0 returned 4
branch  1 taken 4 (fallthrough)
branch  2 taken 0 (throw)
        -:  376:				}
        2:  377:			}
        2:  377-block  0
call    0 returned 2
    $$$$$:  377-block  1
call    1 never executed
       7*:  378:			CROW_LOG_DEBUG << "Returning Filtered List";
        7:  378-block  0
branch  0 taken 0 (fallthrough)
branch  1 taken 7
    %%%%%:  378-block  1
call    2 never executed
    $$$$$:  378-block  2
call    3 never executed
    $$$$$:  378-block  3
call    4 never executed
        7:  379:			return meals;
        7:  380:		}
call    0 returned 7
    $$$$$:  380-block  0
call    1 never executed
    $$$$$:  380-block  1
call    2 never executed
        -:  381:
function _ZN9Recommend6cosineESt6vectorIS0_IdSaIdEESaIS2_EES0_ISt4pairINSt7__cxx1112basic_stringIcSt11char_traitsIcESaIcEEESB_ESaISC_EE called 4 returned 100% blocks executed 43%
        4:  382:	recommendVec cosine (vecVector searchedVector, pairVec toSearch) {//this returns a list of
        4:  383:			recommendVec results{};//ids and cosine distances from a provided vector and provided search list
        4:  383-block  0
branch  0 taken 0 (fallthrough)
branch  1 taken 4
        -:  384:			sqlite3_stmt* stmt;
        -:  385:			std::string temp;
        4:  386:			std::vector<double> tempVec = {};
        4:  386-block  0
branch  0 taken 0 (fallthrough)
branch  1 taken 4
        -:  387:			const char* sql = "SELECT vector FROM Recipes WHERE name = ?";
       4*:  388:            CROW_LOG_DEBUG << "Starting calculations";
        4:  388-block  0
branch  0 taken 0 (fallthrough)
branch  1 taken 4
    %%%%%:  388-block  1
call    2 never executed
    $$$$$:  388-block  2
call    3 never executed
      754:  389:			for (const auto &[id,img] : toSearch) {
        4:  389-block  0
      754:  389-block  1
branch  0 taken 750
branch  1 taken 4 (fallthrough)
      750:  390:				double dist = 0.0;
      750:  391:				sqlite3_prepare_v2(db, sql, -1, &stmt, nullptr);
      750:  391-block  0
call    0 returned 750
branch  1 taken 750 (fallthrough)
branch  2 taken 0 (throw)
        -:  392:
      750:  393:				sqlite3_bind_text(stmt, 1, id.c_str(), -1, SQLITE_TRANSIENT);
      750:  393-block  0
call    0 returned 750
branch  1 taken 750 (fallthrough)
branch  2 taken 0 (throw)
        -:  394:
      750:  395:				sqlite3_step(stmt);
      750:  395-block  0
call    0 returned 750
branch  1 taken 750 (fallthrough)
branch  2 taken 0 (throw)
      750:  396:				std::istringstream iss(reinterpret_cast<const char*>(sqlite3_column_text(stmt,0))); //since vectors are stored as a string in the db
      750:  396-block  0
call    0 returned 750
branch  1 taken 750 (fallthrough)
branch  2 taken 0 (throw)
      750:  396-block  1
call    3 returned 750
branch  4 taken 750 (fallthrough)
branch  5 taken 0 (throw)
      750:  396-block  2
call    6 returned 750
branch  7 taken 750 (fallthrough)
branch  8 taken 0 (throw)
    75750:  397:				while (std::getline(iss, temp, ' ' ) ) {tempVec.push_back(std::stod(temp));} //they have to be split and converted to doubles
    75000:  397-block  0
call    0 returned 75000
branch  1 taken 75000 (fallthrough)
branch  2 taken 0 (throw)
    75000:  397-block  1
    75750:  397-block  2
call    3 returned 75750
branch  4 taken 75750 (fallthrough)
branch  5 taken 0 (throw)
    75750:  397-block  3
branch  6 taken 75000
branch  7 taken 750 (fallthrough)
        -:  398:																										  // for calculations
     750*:  399:                CROW_LOG_DEBUG << "Vector received";
      750:  399-block  0
branch  0 taken 0 (fallthrough)
branch  1 taken 750
    %%%%%:  399-block  1
call    2 never executed
    $$$$$:  399-block  2
call    3 never executed
        -:  400:
    13500:  401:				for (int i =0; i<searchedVector.size(); i++) {
    13500:  401-block  0
branch  0 taken 12750
branch  1 taken 750 (fallthrough)
    37125:  402:					dist += cosPriv(searchedVector[i], tempVec);
    12750:  402-block  0
call    0 returned 12750
branch  1 taken 12750 (fallthrough)
branch  2 taken 0 (throw)
    12750:  402-block  1
call    3 returned 12750
branch  4 taken 12750 (fallthrough)
branch  5 taken 0 (throw)
    12750:  402-block  2
call    6 returned 12750
branch  7 taken 11625 (fallthrough)
branch  8 taken 1125
    12750:  402-block  3
branch  9 taken 12750 (fallthrough)
branch 10 taken 0
    12750:  402-block  4
    $$$$$:  402-block  5
branch 11 never executed (fallthrough)
branch 12 never executed
        -:  403:				}
        -:  404:
     750*:  405:				CROW_LOG_DEBUG << "Distance calculated";
      750:  405-block  0
branch  0 taken 0 (fallthrough)
branch  1 taken 750
    %%%%%:  405-block  1
call    2 never executed
    $$$$$:  405-block  2
call    3 never executed
      750:  406:				results.push_back(std::tuple(id, img, dist));
branch  0 taken 0 (fallthrough)
branch  1 taken 750
     750*:  407:				CROW_LOG_DEBUG << "Distance pushed to results";
branch  0 taken 0 (fallthrough)
branch  1 taken 750
    %%%%%:  407-block  0
call    2 never executed
    $$$$$:  407-block  1
call    3 never executed
      750:  408:				sqlite3_reset(stmt);
      750:  408-block  0
call    0 returned 750
branch  1 taken 750 (fallthrough)
branch  2 taken 0 (throw)
     750*:  409:				CROW_LOG_DEBUG << "Statement reset";
      750:  409-block  0
branch  0 taken 0 (fallthrough)
branch  1 taken 750
    %%%%%:  409-block  1
call    2 never executed
    $$$$$:  409-block  2
call    3 never executed
        -:  410:				tempVec = {};
     750*:  411:				CROW_LOG_DEBUG << "tempVec cleared";
      750:  411-block  0
branch  0 taken 0 (fallthrough)
branch  1 taken 750
    %%%%%:  411-block  1
call    2 never executed
    $$$$$:  411-block  2
call    3 never executed
      750:  412:			}
      750:  412-block  0
call    0 returned 750
    $$$$$:  412-block  1
call    1 never executed
       4*:  413:			CROW_LOG_DEBUG << "Calculation complete, returning";
        4:  413-block  0
branch  0 taken 0 (fallthrough)
branch  1 taken 4
    %%%%%:  413-block  1
call    2 never executed
    $$$$$:  413-block  2
call    3 never executed
    $$$$$:  413-block  3
branch  4 never executed (fallthrough)
branch  5 never executed
        4:  414:			sqlite3_finalize(stmt);
        4:  414-block  0
call    0 returned 4
branch  1 taken 4 (fallthrough)
branch  2 taken 0 (throw)
        4:  415:			return results;
    =====:  416:		}
    $$$$$:  416-block  0
call    0 never executed
        -:  417:
function _ZN9Recommend6toJsonESt6vectorISt5tupleIJNSt7__cxx1112basic_stringIcSt11char_traitsIcESaIcEEES7_dEESaIS8_EE called 4 returned 100% blocks executed 74%
        4:  418:	crow::json::wvalue toJson(recommendVec finalRec) {
        4:  418-block  0
call    0 returned 4
branch  1 taken 4 (fallthrough)
branch  2 taken 0 (throw)
        4:  419:			crow::json::wvalue json_array = crow::json::wvalue::list();
        4:  419-block  0
call    0 returned 4
branch  1 taken 4 (fallthrough)
branch  2 taken 0 (throw)
        4:  419-block  1
call    3 returned 4
    $$$$$:  419-block  2
call    4 never executed
        -:  420:			int i = 0;
        -:  421:
       44:  422:			for (const auto& [name, image, dist] : finalRec) {
       44:  422-block  0
branch  0 taken 40
branch  1 taken 4 (fallthrough)
       40:  423:				crow::json::wvalue item;
       40:  423-block  0
call    0 returned 40
branch  1 taken 40 (fallthrough)
branch  2 taken 0 (throw)
       40:  424:				item["name"] = name; //this takes each name and puts them in a JSON array with the name of "name"
       40:  424-block  0
call    0 returned 40
branch  1 taken 40 (fallthrough)
branch  2 taken 0 (throw)
       40:  424-block  1
call    3 returned 40
branch  4 taken 40 (fallthrough)
branch  5 taken 0 (throw)
       40:  425:				item["image"] = image; //this takes each image and puts them in a JSON array with the name of "image"
call    0 returned 40
branch  1 taken 40 (fallthrough)
branch  2 taken 0 (throw)
       40:  425-block  0
call    3 returned 40
branch  4 taken 40 (fallthrough)
branch  5 taken 0 (throw)
       40:  426:				std::cout << dist << " "; //this is just to show each distance is sorted correctly
call    0 returned 40
branch  1 taken 40 (fallthrough)
branch  2 taken 0 (throw)
       40:  426-block  0
call    3 returned 40
branch  4 taken 40 (fallthrough)
branch  5 taken 0 (throw)
       40:  427:				json_array[i] = (std::move(item));
       40:  427-block  0
call    0 returned 40
branch  1 taken 40 (fallthrough)
branch  2 taken 0 (throw)
       40:  427-block  1
call    3 returned 40
       40:  428:				i++;
       40:  429:			}
call    0 returned 40
    $$$$$:  429-block  0
call    1 never executed
        4:  430:		std::cout << "\n";
        4:  430-block  0
call    0 returned 4
branch  1 taken 4 (fallthrough)
branch  2 taken 0 (throw)
        4:  431:		return json_array;
        4:  431-block  0
    =====:  432:		}
    $$$$$:  432-block  0
call    0 never executed
        -:  433:
function _ZN9Recommend4doItEiSt6vectorIS0_IdSaIdEESaIS2_EE called 4 returned 100% blocks executed 34%
        4:  434:	crow::json::wvalue doIt (int uID, vecVector searchedVector) {
        4:  435:			if (sqlite3_open("core.db", &db)!=SQLITE_OK) {
        4:  435-block  0
call    0 returned 4
branch  1 taken 0 (fallthrough)
branch  2 taken 4
    #####:  436:				std::cerr << "Can't open database: " << sqlite3_errmsg(db) << "\n";
call    0 never executed
call    1 never executed
call    2 never executed
    #####:  437:				db = nullptr;
        -:  438:			}
        4:  439:			recommendVec finalRec{};
        4:  439-block  0
branch  0 taken 0 (fallthrough)
branch  1 taken 4
       4*:  440:			CROW_LOG_DEBUG << "Creating Filtered List";
        4:  440-block  0
branch  0 taken 0 (fallthrough)
branch  1 taken 4
    %%%%%:  440-block  1
call    2 never executed
    $$$$$:  440-block  2
call    3 never executed
        4:  441:			pairVec filteredRec = fromKeyword(uID);
        4:  441-block  0
call    0 returned 4
branch  1 taken 4 (fallthrough)
branch  2 taken 0 (throw)
        -:  442:
        4:  443:			if (!filteredRec.empty()) {
        4:  443-block  0
branch  0 taken 2 (fallthrough)
branch  1 taken 2
       2*:  444:				CROW_LOG_DEBUG << "Using Filtered List";
        2:  444-block  0
branch  0 taken 0 (fallthrough)
branch  1 taken 2
    %%%%%:  444-block  1
call    2 never executed
    $$$$$:  444-block  2
call    3 never executed
        2:  445:				finalRec = cosine(searchedVector, filteredRec);
        2:  445-block  0
call    0 returned 2
branch  1 taken 2 (fallthrough)
branch  2 taken 0 (throw)
        2:  445-block  1
call    3 returned 2
branch  4 taken 2 (fallthrough)
branch  5 taken 0 (throw)
        2:  445-block  2
call    6 returned 2
branch  7 taken 2 (fallthrough)
branch  8 taken 0 (throw)
        2:  445-block  3
call    9 returned 2
call   10 returned 2
call   11 returned 2
call   12 returned 2
call   13 returned 2
    $$$$$:  445-block  4
call   14 never executed
    $$$$$:  445-block  5
call   15 never executed
        2:  446:				quickSort(finalRec, 0, finalRec.size()-1);
call    0 returned 2
        -:  447:			}
        -:  448:			else {
       2*:  449:				CROW_LOG_DEBUG << "TO DB!";
        2:  449-block  0
branch  0 taken 0 (fallthrough)
branch  1 taken 2
    %%%%%:  449-block  1
call    2 never executed
    $$$$$:  449-block  2
call    3 never executed
       2*:  450:                CROW_LOG_DEBUG << "Getting names and images from recipes";
        2:  450-block  0
branch  0 taken 0 (fallthrough)
branch  1 taken 2
    %%%%%:  450-block  1
call    2 never executed
    $$$$$:  450-block  2
call    3 never executed
        2:  451:				sqlite3_exec(db, "SELECT name, image FROM Recipes", callbackKeyword, &filteredRec,  &errmsg); //get all meals from DB
        2:  451-block  0
call    0 returned 2
branch  1 taken 2 (fallthrough)
branch  2 taken 0 (throw)
       2*:  452:                CROW_LOG_DEBUG << "Success! Getting cosine distance";
        2:  452-block  0
branch  0 taken 0 (fallthrough)
branch  1 taken 2
    %%%%%:  452-block  1
call    2 never executed
    $$$$$:  452-block  2
call    3 never executed
        2:  453:				finalRec = cosine(searchedVector, filteredRec); //gets the cosine distance
        2:  453-block  0
call    0 returned 2
branch  1 taken 2 (fallthrough)
branch  2 taken 0 (throw)
        2:  453-block  1
call    3 returned 2
branch  4 taken 2 (fallthrough)
branch  5 taken 0 (throw)
        2:  453-block  2
call    6 returned 2
branch  7 taken 2 (fallthrough)
branch  8 taken 0 (throw)
        2:  453-block  3
call    9 returned 2
call   10 returned 2
call   11 returned 2
call   12 returned 2
branch 13 taken 0 (fallthrough)
branch 14 taken 2
    $$$$$:  453-block  4
call   15 never executed
    $$$$$:  453-block  5
call   16 never executed
       2*:  454:				CROW_LOG_DEBUG << "Success! Sorting";
branch  0 taken 0 (fallthrough)
branch  1 taken 2
    %%%%%:  454-block  0
call    2 never executed
    $$$$$:  454-block  1
call    3 never executed
        2:  455:				quickSort(finalRec, 0, finalRec.size()-1);
        2:  455-block  0
call    0 returned 2
       2*:  456:				CROW_LOG_DEBUG << "Success! Converting to json";
branch  0 taken 0 (fallthrough)
branch  1 taken 2
    %%%%%:  456-block  0
call    2 never executed
    $$$$$:  456-block  1
call    3 never executed
        -:  457:			}
        4:  458:			sqlite3_close(db);
        4:  458-block  0
call    0 returned 4
branch  1 taken 4 (fallthrough)
branch  2 taken 0 (throw)
        4:  459:			if (finalRec.size() > 10) {
        4:  459-block  0
branch  0 taken 4 (fallthrough)
branch  1 taken 0
        4:  460:				finalRec.resize(10); //this shows only the top 10 closest recipes since the vector is already sorted
        4:  460-block  0
call    0 returned 4
branch  1 taken 4 (fallthrough)
branch  2 taken 0 (throw)
        -:  461:			}
        4:  462:			crow::json::wvalue json_array = toJson(finalRec);
        4:  462-block  0
call    0 returned 4
branch  1 taken 4 (fallthrough)
branch  2 taken 0 (throw)
        4:  462-block  1
call    3 returned 4
branch  4 taken 4 (fallthrough)
branch  5 taken 0 (throw)
        4:  462-block  2
call    6 returned 4
branch  7 taken 0 (fallthrough)
branch  8 taken 4
    $$$$$:  462-block  3
call    9 never executed
       4*:  463:			CROW_LOG_DEBUG << "Success!!!";
branch  0 taken 0 (fallthrough)
branch  1 taken 4
    %%%%%:  463-block  0
call    2 never executed
    $$$$$:  463-block  1
call    3 never executed
        -:  464:
        4:  465:			return json_array;
        4:  466:		}
        4:  466-block  0
call    0 returned 4
call    1 returned 4
    $$$$$:  466-block  1
call    2 never executed
    $$$$$:  466-block  2
call    3 never executed
    $$$$$:  466-block  3
call    4 never executed
        -:  467:
function _ZN9Recommend15getInstructionsENSt7__cxx1112basic_stringIcSt11char_traitsIcESaIcEEE called 3 returned 100% blocks executed 61%
        3:  468:	crow::json::wvalue getInstructions(std::string name) {
        3:  469:			if (sqlite3_open("core.db", &db)!=SQLITE_OK) {
        3:  469-block  0
call    0 returned 3
branch  1 taken 0 (fallthrough)
branch  2 taken 3
    #####:  470:				std::cerr << "Can't open database: " << sqlite3_errmsg(db) << "\n";
call    0 never executed
call    1 never executed
call    2 never executed
    #####:  471:				db = nullptr;
        -:  472:			}
        3:  473:			crow::json::wvalue json_array = crow::json::wvalue::list();
        3:  473-block  0
call    0 returned 3
branch  1 taken 3 (fallthrough)
branch  2 taken 0 (throw)
        3:  473-block  1
call    3 returned 3
    $$$$$:  473-block  2
call    4 never executed
        3:  474:			crow::json::wvalue item;
call    0 returned 3
branch  1 taken 3 (fallthrough)
branch  2 taken 0 (throw)
        3:  475:			sqlite3_stmt* stmt = nullptr;
        3:  475-block  0
call    0 returned 3
branch  1 taken 3 (fallthrough)
branch  2 taken 0 (throw)
        3:  476:			name.erase(0, name.find_first_not_of(" \t\n\r"));
        3:  476-block  0
call    0 returned 3
branch  1 taken 3 (fallthrough)
branch  2 taken 0 (throw)
        3:  477:			name.erase(name.find_last_not_of(" \t\n\r") + 1);//these just trim the input to ensure no funny business is happening
        3:  477-block  0
call    0 returned 3
branch  1 taken 3 (fallthrough)
branch  2 taken 0 (throw)
        -:  478:			std::cout << name;
        -:  479:
        -:  480:			const char* sql = "SELECT ingredients, instructions FROM Recipes WHERE name = ?;";
        3:  481:			if (sqlite3_prepare_v2(db, sql, -1, &stmt, nullptr) != SQLITE_OK) {
        3:  481-block  0
call    0 returned 3
branch  1 taken 3 (fallthrough)
branch  2 taken 0 (throw)
        3:  481-block  1
branch  3 taken 0 (fallthrough)
branch  4 taken 3
    #####:  482:				std::cout << "Prep error " << sqlite3_errmsg(db)<< "\n";
    %%%%%:  482-block  0
call    0 never executed
branch  1 never executed (fallthrough)
branch  2 never executed (throw)
    %%%%%:  482-block  1
call    3 never executed
branch  4 never executed (fallthrough)
branch  5 never executed (throw)
    %%%%%:  482-block  2
call    6 never executed
branch  7 never executed (fallthrough)
branch  8 never executed (throw)
        -:  483:				return json_array;
        -:  484:			}
        3:  485:			if (sqlite3_bind_text(stmt, 1, name.c_str(), -1, SQLITE_TRANSIENT) != SQLITE_OK) {
        3:  485-block  0
call    0 returned 3
branch  1 taken 3 (fallthrough)
branch  2 taken 0 (throw)
        3:  485-block  1
branch  3 taken 0 (fallthrough)
branch  4 taken 3
    #####:  486:				std::cout << "Bind error " << sqlite3_errmsg(db) << "\n";
    %%%%%:  486-block  0
call    0 never executed
branch  1 never executed (fallthrough)
branch  2 never executed (throw)
    %%%%%:  486-block  1
call    3 never executed
branch  4 never executed (fallthrough)
branch  5 never executed (throw)
    %%%%%:  486-block  2
call    6 never executed
branch  7 never executed (fallthrough)
branch  8 never executed (throw)
        -:  487:				return json_array;
        -:  488:			}
        -:  489:
        3:  490:			if (sqlite3_step(stmt) == SQLITE_ROW) {
        3:  490-block  0
call    0 returned 3
branch  1 taken 3 (fallthrough)
branch  2 taken 0 (throw)
        3:  490-block  1
branch  3 taken 1 (fallthrough)
branch  4 taken 2
        1:  491:				item["ingredients"] = reinterpret_cast<const char*>(sqlite3_column_text(stmt, 0));
        1:  491-block  0
call    0 returned 1
branch  1 taken 1 (fallthrough)
branch  2 taken 0 (throw)
        1:  491-block  1
call    3 returned 1
branch  4 taken 1 (fallthrough)
branch  5 taken 0 (throw)
        1:  491-block  2
call    6 returned 1
branch  7 taken 1 (fallthrough)
branch  8 taken 0 (throw)
        1:  492:				item["instructions"] = reinterpret_cast<const char*>(sqlite3_column_text(stmt, 1));
call    0 returned 1
branch  1 taken 1 (fallthrough)
branch  2 taken 0 (throw)
        1:  492-block  0
call    3 returned 1
branch  4 taken 1 (fallthrough)
branch  5 taken 0 (throw)
        1:  492-block  1
call    6 returned 1
branch  7 taken 1 (fallthrough)
branch  8 taken 0 (throw)
        1:  493:				json_array[0] = (std::move(item));
call    0 returned 1
branch  1 taken 1 (fallthrough)
branch  2 taken 0 (throw)
        1:  493-block  0
call    3 returned 1
        -:  494:			}
        3:  495:			sqlite3_finalize(stmt); //this returns the ingredients and instructions for the clicked on recipe
        3:  495-block  0
call    0 returned 3
branch  1 taken 3 (fallthrough)
branch  2 taken 0 (throw)
        -:  496:			return json_array;
        3:  497:		}
        3:  497-block  0
call    0 returned 3
    $$$$$:  497-block  1
call    1 never executed
    $$$$$:  497-block  2
call    2 never executed
        -:  498:};
        -:  499:#endif
