        -:    0:Source:C:/Users/blake/swecp2025jmbc/asio/asio-1.36.0/include/asio/detail/local_free_on_block_exit.hpp
        -:    0:Graph:C:\Users\blake\swecp2025jmbc\cmake-build-debug-coverage\CMakeFiles\swecp2025jmbc.dir\bgezrecTest.cpp.gcno
        -:    0:Data:C:\Users\blake\swecp2025jmbc\cmake-build-debug-coverage\CMakeFiles\swecp2025jmbc.dir\bgezrecTest.cpp.gcda
        -:    0:Runs:1
        -:    1://
        -:    2:// detail/local_free_on_block_exit.hpp
        -:    3:// ~~~~~~~~~~~~~~~~~~~~~~~~~~~~~~~~~~~
        -:    4://
        -:    5:// Copyright (c) 2003-2025 Christopher M. Kohlhoff (chris at kohlhoff dot com)
        -:    6://
        -:    7:// Distributed under the Boost Software License, Version 1.0. (See accompanying
        -:    8:// file LICENSE_1_0.txt or copy at http://www.boost.org/LICENSE_1_0.txt)
        -:    9://
        -:   10:
        -:   11:#ifndef ASIO_DETAIL_LOCAL_FREE_ON_BLOCK_EXIT_HPP
        -:   12:#define ASIO_DETAIL_LOCAL_FREE_ON_BLOCK_EXIT_HPP
        -:   13:
        -:   14:#if defined(_MSC_VER) && (_MSC_VER >= 1200)
        -:   15:# pragma once
        -:   16:#endif // defined(_MSC_VER) && (_MSC_VER >= 1200)
        -:   17:
        -:   18:#include "asio/detail/config.hpp"
        -:   19:
        -:   20:#if defined(ASIO_WINDOWS) || defined(__CYGWIN__)
        -:   21:#if !defined(ASIO_WINDOWS_APP)
        -:   22:
        -:   23:#include "asio/detail/noncopyable.hpp"
        -:   24:#include "asio/detail/socket_types.hpp"
        -:   25:
        -:   26:#include "asio/detail/push_options.hpp"
        -:   27:
        -:   28:namespace asio {
        -:   29:namespace detail {
        -:   30:
        -:   31:class local_free_on_block_exit
        -:   32:  : private noncopyable
        -:   33:{
        -:   34:public:
        -:   35:  // Constructor blocks all signals for the calling thread.
        -:   36:  explicit local_free_on_block_exit(void* p)
        -:   37:    : p_(p)
        -:   38:  {
        -:   39:  }
        -:   40:
        -:   41:  // Destructor restores the previous signal mask.
        -:   42:  ~local_free_on_block_exit()
        -:   43:  {
    #####:   44:    ::LocalFree(p_);
    %%%%%:   44-block  0
call    0 never executed
    $$$$$:   44-block  1
call    1 never executed
        -:   45:  }
        -:   46:
        -:   47:private:
        -:   48:  void* p_;
        -:   49:};
        -:   50:
        -:   51:} // namespace detail
        -:   52:} // namespace asio
        -:   53:
        -:   54:#include "asio/detail/pop_options.hpp"
        -:   55:
        -:   56:#endif // !defined(ASIO_WINDOWS_APP)
        -:   57:#endif // defined(ASIO_WINDOWS) || defined(__CYGWIN__)
        -:   58:
        -:   59:#endif // ASIO_DETAIL_LOCAL_FREE_ON_BLOCK_EXIT_HPP
