        -:    0:Source:C:/Users/Blake/swecp2025jmbc/asio/asio-1.36.0/include/asio/detail/impl/throw_error.ipp
        -:    0:Graph:C:\Users\Blake\swecp2025jmbc\cmake-build-debug-coverage\CMakeFiles\swecp2025jmbc.dir\bgezrecTest.cpp.gcno
        -:    0:Data:C:\Users\Blake\swecp2025jmbc\cmake-build-debug-coverage\CMakeFiles\swecp2025jmbc.dir\bgezrecTest.cpp.gcda
        -:    0:Runs:1
        -:    1://
        -:    2:// detail/impl/throw_error.ipp
        -:    3:// ~~~~~~~~~~~~~~~~~~~~~~~~~~~
        -:    4://
        -:    5:// Copyright (c) 2003-2025 Christopher M. Kohlhoff (chris at kohlhoff dot com)
        -:    6://
        -:    7:// Distributed under the Boost Software License, Version 1.0. (See accompanying
        -:    8:// file LICENSE_1_0.txt or copy at http://www.boost.org/LICENSE_1_0.txt)
        -:    9://
        -:   10:
        -:   11:#ifndef ASIO_DETAIL_IMPL_THROW_ERROR_IPP
        -:   12:#define ASIO_DETAIL_IMPL_THROW_ERROR_IPP
        -:   13:
        -:   14:#if defined(_MSC_VER) && (_MSC_VER >= 1200)
        -:   15:# pragma once
        -:   16:#endif // defined(_MSC_VER) && (_MSC_VER >= 1200)
        -:   17:
        -:   18:#include "asio/detail/config.hpp"
        -:   19:#include "asio/detail/throw_error.hpp"
        -:   20:#include "asio/system_error.hpp"
        -:   21:
        -:   22:#include "asio/detail/push_options.hpp"
        -:   23:
        -:   24:namespace asio {
        -:   25:namespace detail {
        -:   26:
        -:   27:void do_throw_error(
        -:   28:    const asio::error_code& err
        -:   29:    ASIO_SOURCE_LOCATION_PARAM)
        -:   30:{
        -:   31:  asio::system_error e(err);
        -:   32:  asio::detail::throw_exception(e ASIO_SOURCE_LOCATION_ARG);
        -:   33:}
        -:   34:
function _ZN4asio6detail14do_throw_errorERKSt10error_codePKc called 0 returned 0% blocks executed 0%
    #####:   35:void do_throw_error(
        -:   36:    const asio::error_code& err,
        -:   37:    const char* location
        -:   38:    ASIO_SOURCE_LOCATION_PARAM)
        -:   39:{
    #####:   40:  asio::system_error e(err, location);
    %%%%%:   40-block  0
call    0 never executed
    #####:   41:  asio::detail::throw_exception(e ASIO_SOURCE_LOCATION_ARG);
call    0 never executed
    =====:   42:}
    $$$$$:   42-block  0
call    0 never executed
        -:   43:
        -:   44:} // namespace detail
        -:   45:} // namespace asio
        -:   46:
        -:   47:#include "asio/detail/pop_options.hpp"
        -:   48:
        -:   49:#endif // ASIO_DETAIL_IMPL_THROW_ERROR_IPP
